<?xml version="1.0" encoding="UTF-8"?>
<!-- Generated by org.testng.reporters.JUnitXMLReporter -->
<testsuite hostname="360LP030-PC" ignored="4" name="HelloFresh TestSuite" tests="3" failures="0" timestamp="10 Jun 2018 18:42:04 GMT" time="106.866" errors="0">
  <testcase name="signInTest" time="17.353" classname="com.hellofresh.challenge.SignIn"/>
  <testcase name="logInTest" time="6.981" classname="com.hellofresh.challenge.LogIn"/>
  <testcase name="checkoutTest" time="30.357" classname="com.hellofresh.challenge.Checkout"/>
  <testcase name="@AfterSuite tearDownSuite" time="0.0" classname="com.hellofresh.selenium.framework.BaseTest">
    <ignored/>
  </testcase> <!-- @AfterSuite tearDownSuite -->
  <testcase name="@AfterSuite tearDownSuite" time="0.0" classname="com.hellofresh.selenium.framework.BaseTest">
    <ignored/>
  </testcase> <!-- @AfterSuite tearDownSuite -->
  <testcase name="@BeforeSuite before" time="0.0" classname="com.hellofresh.selenium.framework.BaseTest">
    <ignored/>
  </testcase> <!-- @BeforeSuite before -->
  <testcase name="@BeforeSuite before" time="0.0" classname="com.hellofresh.selenium.framework.BaseTest">
    <ignored/>
  </testcase> <!-- @BeforeSuite before -->
</testsuite> <!-- HelloFresh TestSuite -->
